<?xml version="1.0" encoding="UTF-8" ?>
<testsuite tests="1" failures="0" name="com.code_coverage.DiscountCalculatorTest" time="0.027" errors="0" skipped="0">
  <properties>
    <property name="java.runtime.name" value="Java(TM) SE Runtime Environment"/>
    <property name="sun.boot.library.path" value="C:\Java\jdk1.8.0_201\jre\bin"/>
    <property name="java.vm.version" value="25.201-b09"/>
    <property name="java.vm.vendor" value="Oracle Corporation"/>
    <property name="maven.multiModuleProjectDirectory" value="C:\Users\SESA377262\Desktop\gpr-v2\github-repos\testing\jacoco-test-app"/>
    <property name="java.vendor.url" value="http://java.oracle.com/"/>
    <property name="path.separator" value=";"/>
    <property name="guice.disable.misplaced.annotation.check" value="true"/>
    <property name="java.vm.name" value="Java HotSpot(TM) 64-Bit Server VM"/>
    <property name="file.encoding.pkg" value="sun.io"/>
    <property name="user.script" value=""/>
    <property name="user.country" value="IN"/>
    <property name="sun.java.launcher" value="SUN_STANDARD"/>
    <property name="sun.os.patch.level" value=""/>
    <property name="java.vm.specification.name" value="Java Virtual Machine Specification"/>
    <property name="user.dir" value="C:\Users\SESA377262\Desktop\gpr-v2\github-repos\testing\jacoco-test-app"/>
    <property name="java.runtime.version" value="1.8.0_201-b09"/>
    <property name="java.awt.graphicsenv" value="sun.awt.Win32GraphicsEnvironment"/>
    <property name="java.endorsed.dirs" value="C:\Java\jdk1.8.0_201\jre\lib\endorsed"/>
    <property name="os.arch" value="amd64"/>
    <property name="java.io.tmpdir" value="C:\Users\SESA37~1\AppData\Local\Temp\"/>
    <property name="line.separator" value="
"/>
    <property name="java.vm.specification.vendor" value="Oracle Corporation"/>
    <property name="user.variant" value=""/>
    <property name="os.name" value="Windows 10"/>
    <property name="classworlds.conf" value="C:\Program Files\apache-maven-3.5.2\bin\..\bin\m2.conf"/>
    <property name="sun.jnu.encoding" value="Cp1252"/>
    <property name="java.library.path" value="C:\Java\jdk1.8.0_201\bin;C:\WINDOWS\Sun\Java\bin;C:\WINDOWS\system32;C:\WINDOWS;C:\oraclexe\app\oracle\product\11.2.0\server\bin;;C:\Program Files (x86)\Common Files\Oracle\Java\javapath;C:\ProgramData\Oracle\Java\javapath;C:\WINDOWS\system32;C:\WINDOWS;C:\WINDOWS\System32\Wbem;C:\WINDOWS\System32\WindowsPowerShell\v1.0\;C:\Program Files\PuTTY\;C:\Program Files\MySQL\MySQL Utilities 1.6\;C:\Program Files\Microsoft VS Code\bin;C:\Program Files\1E\NomadBranch\;C:\Program Files (x86)\Windows Imaging\;C:\WINDOWS\System32\OpenSSH\;C:\Program Files (x86)\Calibre2\;C:\Program Files\nodejs\;C:\Program Files (x86)\Intel\Intel(R) Management Engine Components\DAL;C:\Program Files\Intel\Intel(R) Management Engine Components\DAL;C:\Program Files\Intel\WiFi\bin\;C:\Program Files\Common Files\Intel\WirelessCommon\;C:\HashiCorp\Vagrant\bin;C:\Users\SESA377262\AppData\Local\Programs\Python\Python38-32\Scripts\;C:\Users\SESA377262\AppData\Local\Programs\Python\Python38-32\;C:\Users\SESA377262\AppData\Local\Microsoft\WindowsApps;C:\Java\jdk1.8.0_201\bin;C:\Program Files\apache-maven-3.5.2\bin;C:\Program Files\nodejs;C:\Program Files\Git\bin;C:\Work\Arch_Learning\Sonarqube\sonarqube-7.0\bin\windows-x86-64;C:\Program Files\Microsoft VS Code\bin;C:\Users\SESA377262\AppData\Local\GitHubDesktop\bin;%C:\Program Files\Microsoft VS Code\bin%;%%C:\mongodb%%\bin;C:\Users\SESA377262\AppData\Local\Microsoft\WindowsApps;C:\software-installations\IntelliJ IDEA Community Edition 2019.1.1\bin;;C:\Program Files\MySQL\MySQL Server 5.7\bin;C:\Users\SESA377262\AppData\Local\Programs\Microsoft VS Code\bin;C:\Users\SESA377262\AppData\Roaming\npm;C:\Program Files\Intel\WiFi\bin\;C:\Program Files\Common Files\Intel\WirelessCommon\;C:\Users\SESA377262\AppData\Local\Continuum\anaconda3;C:\Users\SESA377262\AppData\Local\Continuum\anaconda3\condabin;C:\Users\SESA377262\AppData\Local\Continuum\anaconda3\Scripts;C:\Users\SESA377262\AppData\Local\Continuum\anaconda3\Lib;C:\Users\SESA377262\AppData\Local\Continuum\anaconda3\Lib\site-packages;C:\Users\SESA377262\AppData\Local\Continuum\anaconda3\Library;C:\Users\SESA377262\AppData\Local\Continuum\anaconda3\Library\bin;C:\Users\SESA377262\AppData\Local\Box\Box Edit\;."/>
    <property name="maven.conf" value="C:\Program Files\apache-maven-3.5.2\bin\../conf"/>
    <property name="java.specification.name" value="Java Platform API Specification"/>
    <property name="java.class.version" value="52.0"/>
    <property name="sun.management.compiler" value="HotSpot 64-Bit Tiered Compilers"/>
    <property name="os.version" value="10.0"/>
    <property name="library.jansi.path" value="C:\Program Files\apache-maven-3.5.2\bin\..\lib\jansi-native"/>
    <property name="user.home" value="C:\Users\SESA377262"/>
    <property name="user.timezone" value="Asia/Calcutta"/>
    <property name="java.awt.printerjob" value="sun.awt.windows.WPrinterJob"/>
    <property name="java.specification.version" value="1.8"/>
    <property name="file.encoding" value="Cp1252"/>
    <property name="user.name" value="SESA377262"/>
    <property name="java.class.path" value="C:\Program Files\apache-maven-3.5.2\bin\..\boot\plexus-classworlds-2.5.2.jar"/>
    <property name="java.vm.specification.version" value="1.8"/>
    <property name="sun.arch.data.model" value="64"/>
    <property name="java.home" value="C:\Java\jdk1.8.0_201\jre"/>
    <property name="sun.java.command" value="org.codehaus.plexus.classworlds.launcher.Launcher test jacoco:report"/>
    <property name="java.specification.vendor" value="Oracle Corporation"/>
    <property name="user.language" value="en"/>
    <property name="awt.toolkit" value="sun.awt.windows.WToolkit"/>
    <property name="java.vm.info" value="mixed mode"/>
    <property name="java.version" value="1.8.0_201"/>
    <property name="java.ext.dirs" value="C:\Java\jdk1.8.0_201\jre\lib\ext;C:\WINDOWS\Sun\Java\lib\ext"/>
    <property name="sun.boot.class.path" value="C:\Java\jdk1.8.0_201\jre\lib\resources.jar;C:\Java\jdk1.8.0_201\jre\lib\rt.jar;C:\Java\jdk1.8.0_201\jre\lib\sunrsasign.jar;C:\Java\jdk1.8.0_201\jre\lib\jsse.jar;C:\Java\jdk1.8.0_201\jre\lib\jce.jar;C:\Java\jdk1.8.0_201\jre\lib\charsets.jar;C:\Java\jdk1.8.0_201\jre\lib\jfr.jar;C:\Java\jdk1.8.0_201\jre\classes"/>
    <property name="sun.stderr.encoding" value="cp437"/>
    <property name="java.vendor" value="Oracle Corporation"/>
    <property name="maven.home" value="C:\Program Files\apache-maven-3.5.2\bin\.."/>
    <property name="file.separator" value="\"/>
    <property name="java.vendor.url.bug" value="http://bugreport.sun.com/bugreport/"/>
    <property name="sun.cpu.endian" value="little"/>
    <property name="sun.io.unicode.encoding" value="UnicodeLittle"/>
    <property name="sun.stdout.encoding" value="cp437"/>
    <property name="sun.desktop" value="windows"/>
    <property name="sun.cpu.isalist" value="amd64"/>
  </properties>
  <testcase classname="com.code_coverage.DiscountCalculatorTest" name="ShouldThrowIllegalArgumentException_WhenPurchaseAmt_IsNegative" time="0.027"/>
</testsuite>